<?xml version="1.0" encoding="UTF-8"?>
<!-- Generated by org.testng.reporters.JUnitReportReporter -->
<testsuite hostname="DESKTOP-87TDS7T" failures="0" tests="1" name="tests.UserMenuTest_MyProfile_TC_6" time="23.953" errors="0" timestamp="2023-11-20T14:35:44 CST" skipped="0">
  <testcase classname="tests.UserMenuTest_MyProfile_TC_6" name="userMenuDropdown_MyProfile_TC_6" time="23.953"/>
</testsuite> <!-- tests.UserMenuTest_MyProfile_TC_6 -->
