<?xml version="1.0" encoding="UTF-8"?>
<!-- Generated by org.testng.reporters.JUnitReportReporter -->
<testsuite hostname="DESKTOP-87TDS7T" failures="0" tests="1" name="tests.LoginTest_ForgotPassword_TC_4A" time="2.326" errors="0" timestamp="2023-11-22T18:35:53 CST" skipped="0">
  <testcase classname="tests.LoginTest_ForgotPassword_TC_4A" name="TC4A" time="2.326"/>
</testsuite> <!-- tests.LoginTest_ForgotPassword_TC_4A -->
