<?xml version="1.0" encoding="UTF-8"?>
<!-- Generated by org.testng.reporters.JUnitReportReporter -->
<testsuite hostname="DESKTOP-87TDS7T" failures="0" tests="1" name="tests.LoginTest_Check_RememberMe_TC_3" time="5.633" errors="0" timestamp="2023-11-22T16:14:08 CST" skipped="0">
  <testcase classname="tests.LoginTest_Check_RememberMe_TC_3" name="TC3" time="5.633"/>
</testsuite> <!-- tests.LoginTest_Check_RememberMe_TC_3 -->
