<?xml version="1.0" encoding="UTF-8"?>
<!-- Generated by org.testng.reporters.JUnitReportReporter -->
<testsuite hostname="DESKTOP-87TDS7T" failures="0" tests="1" name="tests.LoginTest_TC_1" time="1.890" errors="0" timestamp="2023-11-22T18:32:45 CST" skipped="0">
  <testcase classname="tests.LoginTest_TC_1" name="TC1" time="1.890"/>
</testsuite> <!-- tests.LoginTest_TC_1 -->
