<?xml version="1.0" encoding="UTF-8"?>
<!-- Generated by org.testng.reporters.JUnitReportReporter -->
<testsuite hostname="DESKTOP-87TDS7T" failures="0" tests="1" name="tests.LoginTest_TC_2" time="3.405" errors="0" timestamp="2023-11-22T15:22:04 CST" skipped="0">
  <testcase classname="tests.LoginTest_TC_2" name="TC2" time="3.405"/>
</testsuite> <!-- tests.LoginTest_TC_2 -->
